<?xml version="1.0" encoding="UTF-8"?>
<!-- Generated by org.testng.reporters.JUnitXMLReporter -->
<testsuite ignored="0" hostname="MacBook-Pro-1286.local" failures="0" tests="8" name="API Test - Evaluate Hand" time="0.245" errors="0" timestamp="2026-06-30T22:40:06 EDT">
  <testcase classname="com.portfolio.threecard.api.EvaluateApiNegativeTest" name="fourCardCountReturns400" time="0.011"/>
  <testcase classname="com.portfolio.threecard.api.EvaluateApiNegativeTest" name="incorrectCardCountReturns400" time="0.009"/>
  <testcase classname="com.portfolio.threecard.api.EvaluateApiNegativeTest" name="invalidRankReturns400" time="0.009"/>
  <testcase classname="com.portfolio.threecard.api.EvaluateApiNegativeTest" name="invalidSuitReturns400" time="0.017"/>
  <testcase classname="com.portfolio.threecard.api.EvaluateApiNegativeTest" name="missingCardsReturns400" time="0.009"/>
  <testcase classname="com.portfolio.threecard.api.EvaluateApiTest" name="validateEvaluateResponseAdhersToSchema" time="0.156"/>
  <testcase classname="com.portfolio.threecard.api.EvaluateApiTest" name="validateSuccessResponse" time="0.009"/>
  <testcase classname="com.portfolio.threecard.api.EvaluateApiTest" name="validateThreeOfAKind" time="0.013"/>
</testsuite> <!-- API Test - Evaluate Hand -->
