<?xml version="1.0" encoding="UTF-8"?>
<!-- Generated by org.testng.reporters.JUnitXMLReporter -->
<testsuite ignored="0" hostname="MacBook-Pro-1286.local" failures="0" tests="4" name="API Test - Deal Hand" time="0.848" errors="0" timestamp="2026-06-30T22:40:06 EDT">
  <testcase classname="com.portfolio.threecard.api.DealApiTest" name="consecutiveDealCallsReturnThreeCards" time="0.56"/>
  <testcase classname="com.portfolio.threecard.api.DealApiTest" name="dealReturnsHttp200" time="0.016"/>
  <testcase classname="com.portfolio.threecard.api.DealApiTest" name="dealReturnsThreeCards" time="0.014"/>
  <testcase classname="com.portfolio.threecard.api.DealApiTest" name="eachCardHasValidSuitAndRank" time="0.018"/>
</testsuite> <!-- API Test - Deal Hand -->
