<?xml version="1.0" encoding="UTF-8"?>
<!-- Generated by org.testng.reporters.JUnitXMLReporter -->
<testsuite ignored="0" hostname="MacBook-Pro-1286.local" failures="0" tests="2" name="UI Tests - Deal Hand" time="3.466" errors="0" timestamp="2026-06-30T11:26:39 EDT">
  <testcase classname="com.portfolio.threecard.ui.DealHandUITest" name="eachCardHasRandAndSuit" time="0.199"/>
  <testcase classname="com.portfolio.threecard.ui.DealHandUITest" name="dealHandShowsThreeCards" time="0.104"/>
</testsuite> <!-- UI Tests - Deal Hand -->
