<?xml version="1.0" encoding="UTF-8"?>
<testng-results ignored="0" total="12" passed="12" failed="0" skipped="0">
  <reporter-output>
  </reporter-output>
  <suite started-at="2026-06-30T22:40:05 EDT" name="Three Card Poker Test Suite" finished-at="2026-06-30T22:40:06 EDT" duration-ms="1104">
    <groups>
    </groups>
    <test started-at="2026-06-30T22:40:05 EDT" name="API Test - Deal Hand" finished-at="2026-06-30T22:40:06 EDT" duration-ms="848">
      <class name="com.portfolio.threecard.api.DealApiTest">
        <test-method is-config="true" signature="testSetup()[pri:0, instance:com.portfolio.threecard.api.DealApiTest@34f6515b]" started-at="2026-06-30T22:40:05 EDT" name="testSetup" finished-at="2026-06-30T22:40:05 EDT" duration-ms="196" status="PASS">
          <reporter-output>
          </reporter-output>
        </test-method> <!-- testSetup -->
        <test-method signature="consecutiveDealCallsReturnThreeCards()[pri:0, instance:com.portfolio.threecard.api.DealApiTest@34f6515b]" started-at="2026-06-30T22:40:05 EDT" name="consecutiveDealCallsReturnThreeCards" finished-at="2026-06-30T22:40:06 EDT" duration-ms="560" status="PASS">
          <reporter-output>
          </reporter-output>
        </test-method> <!-- consecutiveDealCallsReturnThreeCards -->
        <test-method signature="dealReturnsHttp200()[pri:0, instance:com.portfolio.threecard.api.DealApiTest@34f6515b]" started-at="2026-06-30T22:40:06 EDT" name="dealReturnsHttp200" finished-at="2026-06-30T22:40:06 EDT" duration-ms="16" status="PASS">
          <reporter-output>
          </reporter-output>
        </test-method> <!-- dealReturnsHttp200 -->
        <test-method signature="dealReturnsThreeCards()[pri:0, instance:com.portfolio.threecard.api.DealApiTest@34f6515b]" started-at="2026-06-30T22:40:06 EDT" name="dealReturnsThreeCards" finished-at="2026-06-30T22:40:06 EDT" duration-ms="14" status="PASS">
          <reporter-output>
          </reporter-output>
        </test-method> <!-- dealReturnsThreeCards -->
        <test-method signature="eachCardHasValidSuitAndRank()[pri:0, instance:com.portfolio.threecard.api.DealApiTest@34f6515b]" started-at="2026-06-30T22:40:06 EDT" name="eachCardHasValidSuitAndRank" finished-at="2026-06-30T22:40:06 EDT" duration-ms="18" status="PASS">
          <reporter-output>
          </reporter-output>
        </test-method> <!-- eachCardHasValidSuitAndRank -->
        <test-method is-config="true" signature="teardown()[pri:0, instance:com.portfolio.threecard.api.DealApiTest@34f6515b]" started-at="2026-06-30T22:40:06 EDT" name="teardown" finished-at="2026-06-30T22:40:06 EDT" duration-ms="0" status="PASS">
          <reporter-output>
          </reporter-output>
        </test-method> <!-- teardown -->
      </class> <!-- com.portfolio.threecard.api.DealApiTest -->
    </test> <!-- API Test - Deal Hand -->
    <test started-at="2026-06-30T22:40:06 EDT" name="API Test - Evaluate Hand" finished-at="2026-06-30T22:40:06 EDT" duration-ms="245">
      <class name="com.portfolio.threecard.api.EvaluateApiNegativeTest">
        <test-method signature="fourCardCountReturns400()[pri:0, instance:com.portfolio.threecard.api.EvaluateApiNegativeTest@45a4b042]" started-at="2026-06-30T22:40:06 EDT" name="fourCardCountReturns400" finished-at="2026-06-30T22:40:06 EDT" duration-ms="11" status="PASS">
          <reporter-output>
          </reporter-output>
        </test-method> <!-- fourCardCountReturns400 -->
        <test-method is-config="true" signature="testSetup()[pri:0, instance:com.portfolio.threecard.api.EvaluateApiNegativeTest@45a4b042]" started-at="2026-06-30T22:40:06 EDT" name="testSetup" finished-at="2026-06-30T22:40:06 EDT" duration-ms="0" status="PASS">
          <reporter-output>
          </reporter-output>
        </test-method> <!-- testSetup -->
        <test-method signature="incorrectCardCountReturns400()[pri:0, instance:com.portfolio.threecard.api.EvaluateApiNegativeTest@45a4b042]" started-at="2026-06-30T22:40:06 EDT" name="incorrectCardCountReturns400" finished-at="2026-06-30T22:40:06 EDT" duration-ms="9" status="PASS">
          <reporter-output>
          </reporter-output>
        </test-method> <!-- incorrectCardCountReturns400 -->
        <test-method signature="invalidRankReturns400()[pri:0, instance:com.portfolio.threecard.api.EvaluateApiNegativeTest@45a4b042]" started-at="2026-06-30T22:40:06 EDT" name="invalidRankReturns400" finished-at="2026-06-30T22:40:06 EDT" duration-ms="9" status="PASS">
          <reporter-output>
          </reporter-output>
        </test-method> <!-- invalidRankReturns400 -->
        <test-method signature="invalidSuitReturns400()[pri:0, instance:com.portfolio.threecard.api.EvaluateApiNegativeTest@45a4b042]" started-at="2026-06-30T22:40:06 EDT" name="invalidSuitReturns400" finished-at="2026-06-30T22:40:06 EDT" duration-ms="17" status="PASS">
          <reporter-output>
          </reporter-output>
        </test-method> <!-- invalidSuitReturns400 -->
        <test-method signature="missingCardsReturns400()[pri:0, instance:com.portfolio.threecard.api.EvaluateApiNegativeTest@45a4b042]" started-at="2026-06-30T22:40:06 EDT" name="missingCardsReturns400" finished-at="2026-06-30T22:40:06 EDT" duration-ms="9" status="PASS">
          <reporter-output>
          </reporter-output>
        </test-method> <!-- missingCardsReturns400 -->
        <test-method is-config="true" signature="teardown()[pri:0, instance:com.portfolio.threecard.api.EvaluateApiNegativeTest@45a4b042]" started-at="2026-06-30T22:40:06 EDT" name="teardown" finished-at="2026-06-30T22:40:06 EDT" duration-ms="0" status="PASS">
          <reporter-output>
          </reporter-output>
        </test-method> <!-- teardown -->
      </class> <!-- com.portfolio.threecard.api.EvaluateApiNegativeTest -->
      <class name="com.portfolio.threecard.api.EvaluateApiTest">
        <test-method is-config="true" signature="testSetup()[pri:0, instance:com.portfolio.threecard.api.EvaluateApiTest@16b2bb0c]" started-at="2026-06-30T22:40:06 EDT" name="testSetup" finished-at="2026-06-30T22:40:06 EDT" duration-ms="0" status="PASS">
          <reporter-output>
          </reporter-output>
        </test-method> <!-- testSetup -->
        <test-method signature="validateEvaluateResponseAdhersToSchema()[pri:0, instance:com.portfolio.threecard.api.EvaluateApiTest@16b2bb0c]" started-at="2026-06-30T22:40:06 EDT" name="validateEvaluateResponseAdhersToSchema" finished-at="2026-06-30T22:40:06 EDT" duration-ms="156" status="PASS">
          <reporter-output>
          </reporter-output>
        </test-method> <!-- validateEvaluateResponseAdhersToSchema -->
        <test-method signature="validateSuccessResponse()[pri:0, instance:com.portfolio.threecard.api.EvaluateApiTest@16b2bb0c]" started-at="2026-06-30T22:40:06 EDT" name="validateSuccessResponse" finished-at="2026-06-30T22:40:06 EDT" duration-ms="9" status="PASS">
          <reporter-output>
          </reporter-output>
        </test-method> <!-- validateSuccessResponse -->
        <test-method signature="validateThreeOfAKind()[pri:0, instance:com.portfolio.threecard.api.EvaluateApiTest@16b2bb0c]" started-at="2026-06-30T22:40:06 EDT" name="validateThreeOfAKind" finished-at="2026-06-30T22:40:06 EDT" duration-ms="13" status="PASS">
          <reporter-output>
          </reporter-output>
        </test-method> <!-- validateThreeOfAKind -->
        <test-method is-config="true" signature="teardown()[pri:0, instance:com.portfolio.threecard.api.EvaluateApiTest@16b2bb0c]" started-at="2026-06-30T22:40:06 EDT" name="teardown" finished-at="2026-06-30T22:40:06 EDT" duration-ms="0" status="PASS">
          <reporter-output>
          </reporter-output>
        </test-method> <!-- teardown -->
      </class> <!-- com.portfolio.threecard.api.EvaluateApiTest -->
    </test> <!-- API Test - Evaluate Hand -->
  </suite> <!-- Three Card Poker Test Suite -->
</testng-results>
