<?xml version="1.0" encoding="UTF-8"?>
<!-- Generated by org.testng.reporters.JUnitReportReporter -->
<testsuite hostname="MacBook-Pro-1286.local" failures="0" tests="3" name="com.portfolio.threecard.ui.HandRankUiTest" time="0.522" errors="0" timestamp="2026-06-30T11:26:42 EDT" skipped="0">
  <testcase classname="com.portfolio.threecard.ui.HandRankUiTest" name="consecutiveDealUpdateHandRank" time="0.267"/>
  <testcase classname="com.portfolio.threecard.ui.HandRankUiTest" name="dealShowsHandRank" time="0.163"/>
  <testcase classname="com.portfolio.threecard.ui.HandRankUiTest" name="handRankIsValidValue" time="0.092"/>
</testsuite> <!-- com.portfolio.threecard.ui.HandRankUiTest -->
