<?xml version="1.0" encoding="UTF-8"?>
<!-- Generated by org.testng.reporters.JUnitReportReporter -->
<testsuite hostname="MacBook-Pro-1286.local" failures="0" tests="5" name="com.portfolio.threecard.api.EvaluateApiNegativeTest" time="0.055" errors="0" timestamp="2026-06-30T22:40:06 EDT" skipped="0">
  <testcase classname="com.portfolio.threecard.api.EvaluateApiNegativeTest" name="incorrectCardCountReturns400" time="0.009"/>
  <testcase classname="com.portfolio.threecard.api.EvaluateApiNegativeTest" name="missingCardsReturns400" time="0.009"/>
  <testcase classname="com.portfolio.threecard.api.EvaluateApiNegativeTest" name="invalidSuitReturns400" time="0.017"/>
  <testcase classname="com.portfolio.threecard.api.EvaluateApiNegativeTest" name="invalidRankReturns400" time="0.009"/>
  <testcase classname="com.portfolio.threecard.api.EvaluateApiNegativeTest" name="fourCardCountReturns400" time="0.011"/>
</testsuite> <!-- com.portfolio.threecard.api.EvaluateApiNegativeTest -->
