<?xml version="1.0" encoding="UTF-8"?>
<!-- Generated by org.testng.reporters.JUnitReportReporter -->
<testsuite hostname="MacBook-Pro-1286.local" failures="0" tests="2" name="com.portfolio.threecard.ui.DealHandUITest" time="0.303" errors="0" timestamp="2026-06-30T11:26:42 EDT" skipped="0">
  <testcase classname="com.portfolio.threecard.ui.DealHandUITest" name="eachCardHasRandAndSuit" time="0.199"/>
  <testcase classname="com.portfolio.threecard.ui.DealHandUITest" name="dealHandShowsThreeCards" time="0.104"/>
</testsuite> <!-- com.portfolio.threecard.ui.DealHandUITest -->
