<?xml version="1.0" encoding="UTF-8"?>
<!-- Generated by org.testng.reporters.JUnitReportReporter -->
<testsuite hostname="MacBook-Pro-1286.local" failures="0" tests="3" name="com.portfolio.threecard.api.EvaluateApiTest" time="0.178" errors="0" timestamp="2026-06-30T22:40:06 EDT" skipped="0">
  <testcase classname="com.portfolio.threecard.api.EvaluateApiTest" name="validateThreeOfAKind" time="0.013"/>
  <testcase classname="com.portfolio.threecard.api.EvaluateApiTest" name="validateEvaluateResponseAdhersToSchema" time="0.156"/>
  <testcase classname="com.portfolio.threecard.api.EvaluateApiTest" name="validateSuccessResponse" time="0.009"/>
</testsuite> <!-- com.portfolio.threecard.api.EvaluateApiTest -->
